<?xml version="1.0" encoding="UTF-8"?>
<testng-results skipped="0" failed="0" total="1" passed="1">
  <reporter-output>
  </reporter-output>
  <suite name="Default suite" duration-ms="6646" started-at="2015-09-03T12:56:51Z" finished-at="2015-09-03T12:56:58Z">
    <groups>
    </groups>
    <test name="Default test" duration-ms="6646" started-at="2015-09-03T12:56:51Z" finished-at="2015-09-03T12:56:58Z">
      <class name="apps.bluesource.BlueSource_Login">
        <test-method status="PASS" signature="beforeTest()[pri:0, instance:apps.bluesource.BlueSource_Login@4f21c77b]" name="beforeTest" is-config="true" duration-ms="4123" started-at="2015-09-03T08:56:51Z" finished-at="2015-09-03T08:56:55Z">
          <reporter-output>
          </reporter-output>
        </test-method> <!-- beforeTest -->
        <test-method status="PASS" signature="test()[pri:0, instance:apps.bluesource.BlueSource_Login@4f21c77b]" name="test" duration-ms="5" started-at="2015-09-03T08:56:55Z" finished-at="2015-09-03T08:56:55Z">
          <reporter-output>
          </reporter-output>
        </test-method> <!-- test -->
        <test-method status="PASS" signature="afterTest()[pri:0, instance:apps.bluesource.BlueSource_Login@4f21c77b]" name="afterTest" is-config="true" duration-ms="2504" started-at="2015-09-03T08:56:55Z" finished-at="2015-09-03T08:56:58Z">
          <reporter-output>
          </reporter-output>
        </test-method> <!-- afterTest -->
      </class> <!-- apps.bluesource.BlueSource_Login -->
    </test> <!-- Default test -->
  </suite> <!-- Default suite -->
</testng-results>
